<?xml version="1.0" encoding="UTF-8"?>
<!-- Generated by org.testng.reporters.JUnitXMLReporter -->
<testsuite hostname="Rajnis-MacBook-Air.local" ignored="0" name="Banking Test " tests="2" failures="0" timestamp="02 Apr 2020 08:56:42 GMT" time="24.273" errors="0">
  <testcase name="loginTest" time="1.979" classname="com.inetbanking.testCases.TC_LoginTest"/>
  <testcase name="addNewCustomerTest" time="10.022" classname="com.inetbanking.testCases.TC_AddNewCustomerTest"/>
</testsuite> <!-- Banking Test  -->
