<?xml version="1.0" encoding="UTF-8"?>
<!-- Generated by org.testng.reporters.JUnitXMLReporter -->
<testsuite hostname="Rajnis-MacBook-Air.local" ignored="0" name="Banking Test " tests="2" failures="0" timestamp="26 Jul 2019 21:26:37 GMT" time="26.005" errors="0">
  <testcase name="loginTest" time="6.295" classname="com.inetbanking.testCases.TC_LoginTest"/>
  <testcase name="addNewCustomerTest" time="5.852" classname="com.inetbanking.testCases.TC_AddNewCustomerTest"/>
</testsuite> <!-- Banking Test  -->
