<?xml version="1.0" encoding="UTF-8"?>
<!-- Generated by org.testng.reporters.JUnitXMLReporter -->
<testsuite hostname="Rajnis-MacBook-Air.local" ignored="0" name="Banking Test " tests="2" failures="0" timestamp="28 Jul 2019 10:48:01 GMT" time="28.196" errors="0">
  <testcase name="loginTest" time="4.122" classname="com.inetbanking.testCases.TC_LoginTest"/>
  <testcase name="addNewCustomerTest" time="8.588" classname="com.inetbanking.testCases.TC_AddNewCustomerTest"/>
</testsuite> <!-- Banking Test  -->
