<?xml version="1.0" encoding="UTF-8"?>
<testng-results skipped="0" failed="0" ignored="0" total="2" passed="2">
  <reporter-output>
  </reporter-output>
  <suite name="inetbanking_POM" duration-ms="24273" started-at="2020-04-02T08:56:12Z" finished-at="2020-04-02T08:56:37Z">
    <groups>
    </groups>
    <test name="Banking Test " duration-ms="24273" started-at="2020-04-02T08:56:12Z" finished-at="2020-04-02T08:56:37Z">
      <class name="com.inetbanking.testCases.TC_AddNewCustomerTest">
        <test-method status="PASS" signature="setUp(java.lang.String)[pri:0, instance:com.inetbanking.testCases.TC_AddNewCustomerTest@754ba872]" name="setUp" is-config="true" duration-ms="6081" started-at="2020-04-02T08:56:20Z" finished-at="2020-04-02T08:56:26Z">
          <params>
            <param index="0">
              <value>
                <![CDATA[chrome]]>
              </value>
            </param>
          </params>
          <reporter-output>
          </reporter-output>
        </test-method> <!-- setUp -->
        <test-method status="PASS" signature="addNewCustomerTest()[pri:0, instance:com.inetbanking.testCases.TC_AddNewCustomerTest@754ba872]" name="addNewCustomerTest" duration-ms="10022" started-at="2020-04-02T08:56:26Z" finished-at="2020-04-02T08:56:36Z">
          <reporter-output>
          </reporter-output>
        </test-method> <!-- addNewCustomerTest -->
        <test-method status="PASS" signature="tearDown()[pri:0, instance:com.inetbanking.testCases.TC_AddNewCustomerTest@754ba872]" name="tearDown" is-config="true" duration-ms="161" started-at="2020-04-02T08:56:36Z" finished-at="2020-04-02T08:56:37Z">
          <reporter-output>
          </reporter-output>
        </test-method> <!-- tearDown -->
      </class> <!-- com.inetbanking.testCases.TC_AddNewCustomerTest -->
      <class name="com.inetbanking.testCases.TC_LoginTest">
        <test-method status="PASS" signature="setUp(java.lang.String)[pri:0, instance:com.inetbanking.testCases.TC_LoginTest@e25b2fe]" name="setUp" is-config="true" duration-ms="5634" started-at="2020-04-02T08:56:13Z" finished-at="2020-04-02T08:56:18Z">
          <params>
            <param index="0">
              <value>
                <![CDATA[chrome]]>
              </value>
            </param>
          </params>
          <reporter-output>
          </reporter-output>
        </test-method> <!-- setUp -->
        <test-method status="PASS" signature="loginTest()[pri:0, instance:com.inetbanking.testCases.TC_LoginTest@e25b2fe]" name="loginTest" duration-ms="1979" started-at="2020-04-02T08:56:18Z" finished-at="2020-04-02T08:56:20Z">
          <reporter-output>
          </reporter-output>
        </test-method> <!-- loginTest -->
        <test-method status="PASS" signature="writeResult(org.testng.ITestResult)[pri:0, instance:com.inetbanking.testCases.TC_LoginTest@e25b2fe]" name="writeResult" is-config="true" duration-ms="2" started-at="2020-04-02T08:56:20Z" finished-at="2020-04-02T08:56:20Z">
          <params>
            <param index="0">
              <value>
                <![CDATA[[TestResult name=loginTest status=SUCCESS method=TC_LoginTest.loginTest()[pri:0, instance:com.inetbanking.testCases.TC_LoginTest@e25b2fe] output={null}]]]>
              </value>
            </param>
          </params>
          <reporter-output>
          </reporter-output>
        </test-method> <!-- writeResult -->
        <test-method status="PASS" signature="tearDown()[pri:0, instance:com.inetbanking.testCases.TC_LoginTest@e25b2fe]" name="tearDown" is-config="true" duration-ms="112" started-at="2020-04-02T08:56:20Z" finished-at="2020-04-02T08:56:20Z">
          <reporter-output>
          </reporter-output>
        </test-method> <!-- tearDown -->
      </class> <!-- com.inetbanking.testCases.TC_LoginTest -->
    </test> <!-- Banking Test  -->
  </suite> <!-- inetbanking_POM -->
</testng-results>
